{"C:\\Users\\saaah\\Desktop\\Backend-assignment\\src\\scores.ts": {"path":"C:\\Users\\saaah\\Desktop\\Backend-assignment\\src\\scores.ts","statementMap":{"0":{"start":{"line":15,"column":0},"end":{"line":15,"column":16}},"1":{"start":{"line":122,"column":0},"end":{"line":122,"column":7}},"2":{"start":{"line":1,"column":0},"end":{"line":1,"column":44}},"3":{"start":{"line":3,"column":0},"end":{"line":3,"column":36}},"4":{"start":{"line":4,"column":0},"end":{"line":4,"column":28}},"5":{"start":{"line":5,"column":0},"end":{"line":5,"column":16}},"6":{"start":{"line":7,"column":23},"end":{"line":7,"column":49}},"7":{"start":{"line":8,"column":0},"end":{"line":10,"column":1}},"8":{"start":{"line":9,"column":2},"end":{"line":9,"column":72}},"9":{"start":{"line":12,"column":14},"end":{"line":12,"column":57}},"10":{"start":{"line":16,"column":18},"end":{"line":16,"column":19}},"11":{"start":{"line":19,"column":20},"end":{"line":19,"column":43}},"12":{"start":{"line":20,"column":2},"end":{"line":24,"column":3}},"13":{"start":{"line":20,"column":66},"end":{"line":20,"column":87}},"14":{"start":{"line":21,"column":4},"end":{"line":21,"column":20}},"15":{"start":{"line":22,"column":9},"end":{"line":24,"column":3}},"16":{"start":{"line":22,"column":59},"end":{"line":22,"column":80}},"17":{"start":{"line":23,"column":4},"end":{"line":23,"column":20}},"18":{"start":{"line":27,"column":20},"end":{"line":27,"column":60}},"19":{"start":{"line":28,"column":17},"end":{"line":28,"column":18}},"20":{"start":{"line":30,"column":2},"end":{"line":40,"column":3}},"21":{"start":{"line":31,"column":25},"end":{"line":31,"column":59}},"22":{"start":{"line":32,"column":20},"end":{"line":32,"column":82}},"23":{"start":{"line":32,"column":47},"end":{"line":32,"column":74}},"24":{"start":{"line":34,"column":4},"end":{"line":39,"column":5}},"25":{"start":{"line":35,"column":6},"end":{"line":35,"column":20}},"26":{"start":{"line":36,"column":6},"end":{"line":36,"column":12}},"27":{"start":{"line":37,"column":11},"end":{"line":39,"column":5}},"28":{"start":{"line":38,"column":6},"end":{"line":38,"column":20}},"29":{"start":{"line":42,"column":2},"end":{"line":42,"column":24}},"30":{"start":{"line":45,"column":27},"end":{"line":45,"column":81}},"31":{"start":{"line":45,"column":60},"end":{"line":45,"column":80}},"32":{"start":{"line":46,"column":2},"end":{"line":46,"column":40}},"33":{"start":{"line":46,"column":24},"end":{"line":46,"column":40}},"34":{"start":{"line":48,"column":2},"end":{"line":48,"column":19}},"35":{"start":{"line":53,"column":2},"end":{"line":119,"column":3}},"36":{"start":{"line":54,"column":4},"end":{"line":65,"column":5}},"37":{"start":{"line":64,"column":6},"end":{"line":64,"column":68}},"38":{"start":{"line":66,"column":4},"end":{"line":66,"column":59}},"39":{"start":{"line":66,"column":31},"end":{"line":66,"column":59}},"40":{"start":{"line":69,"column":20},"end":{"line":69,"column":67}},"41":{"start":{"line":71,"column":19},"end":{"line":82,"column":146}},"42":{"start":{"line":84,"column":19},"end":{"line":88,"column":6}},"43":{"start":{"line":89,"column":25},"end":{"line":89,"column":36}},"44":{"start":{"line":91,"column":4},"end":{"line":93,"column":5}},"45":{"start":{"line":92,"column":6},"end":{"line":92,"column":65}},"46":{"start":{"line":96,"column":24},"end":{"line":96,"column":74}},"47":{"start":{"line":97,"column":29},"end":{"line":97,"column":71}},"48":{"start":{"line":98,"column":21},"end":{"line":98,"column":null}},"49":{"start":{"line":103,"column":6},"end":{"line":103,"column":64}},"50":{"start":{"line":104,"column":21},"end":{"line":104,"column":79}},"51":{"start":{"line":106,"column":23},"end":{"line":106,"column":43}},"52":{"start":{"line":107,"column":25},"end":{"line":108,"column":23}},"53":{"start":{"line":109,"column":22},"end":{"line":109,"column":78}},"54":{"start":{"line":111,"column":4},"end":{"line":111,"column":74}},"55":{"start":{"line":113,"column":4},"end":{"line":113,"column":48}},"56":{"start":{"line":114,"column":4},"end":{"line":118,"column":6}},"57":{"start":{"line":123,"column":2},"end":{"line":123,"column":66}},"58":{"start":{"line":123,"column":29},"end":{"line":123,"column":66}},"59":{"start":{"line":125,"column":2},"end":{"line":125,"column":48}},"60":{"start":{"line":126,"column":2},"end":{"line":126,"column":27}},"61":{"start":{"line":127,"column":18},"end":{"line":127,"column":65}},"62":{"start":{"line":128,"column":2},"end":{"line":128,"column":39}}},"fnMap":{"0":{"name":"calculateRuleScore","decl":{"start":{"line":15,"column":16},"end":{"line":15,"column":34}},"loc":{"start":{"line":15,"column":59},"end":{"line":49,"column":1}}},"1":{"name":"(anonymous_2)","decl":{"start":{"line":20,"column":59},"end":{"line":20,"column":60}},"loc":{"start":{"line":20,"column":66},"end":{"line":20,"column":87}}},"2":{"name":"(anonymous_3)","decl":{"start":{"line":22,"column":52},"end":{"line":22,"column":53}},"loc":{"start":{"line":22,"column":59},"end":{"line":22,"column":80}}},"3":{"name":"(anonymous_4)","decl":{"start":{"line":32,"column":37},"end":{"line":32,"column":38}},"loc":{"start":{"line":32,"column":47},"end":{"line":32,"column":74}}},"4":{"name":"(anonymous_5)","decl":{"start":{"line":45,"column":53},"end":{"line":45,"column":54}},"loc":{"start":{"line":45,"column":60},"end":{"line":45,"column":80}}},"5":{"name":"scoreLead","decl":{"start":{"line":52,"column":15},"end":{"line":52,"column":24}},"loc":{"start":{"line":52,"column":35},"end":{"line":120,"column":1}}},"6":{"name":"runScoring","decl":{"start":{"line":122,"column":22},"end":{"line":122,"column":32}},"loc":{"start":{"line":122,"column":32},"end":{"line":129,"column":1}}}},"branchMap":{"0":{"loc":{"start":{"line":8,"column":0},"end":{"line":10,"column":1}},"type":"if","locations":[{"start":{"line":8,"column":0},"end":{"line":10,"column":1}},{"start":{},"end":{}}]},"1":{"loc":{"start":{"line":20,"column":2},"end":{"line":24,"column":3}},"type":"if","locations":[{"start":{"line":20,"column":2},"end":{"line":24,"column":3}},{"start":{"line":22,"column":9},"end":{"line":24,"column":3}}]},"2":{"loc":{"start":{"line":22,"column":9},"end":{"line":24,"column":3}},"type":"if","locations":[{"start":{"line":22,"column":9},"end":{"line":24,"column":3}},{"start":{},"end":{}}]},"3":{"loc":{"start":{"line":34,"column":4},"end":{"line":39,"column":5}},"type":"if","locations":[{"start":{"line":34,"column":4},"end":{"line":39,"column":5}},{"start":{"line":37,"column":11},"end":{"line":39,"column":5}}]},"4":{"loc":{"start":{"line":37,"column":11},"end":{"line":39,"column":5}},"type":"if","locations":[{"start":{"line":37,"column":11},"end":{"line":39,"column":5}},{"start":{},"end":{}}]},"5":{"loc":{"start":{"line":37,"column":15},"end":{"line":37,"column":43}},"type":"binary-expr","locations":[{"start":{"line":37,"column":15},"end":{"line":37,"column":26}},{"start":{"line":37,"column":30},"end":{"line":37,"column":43}}]},"6":{"loc":{"start":{"line":45,"column":60},"end":{"line":45,"column":80}},"type":"binary-expr","locations":[{"start":{"line":45,"column":60},"end":{"line":45,"column":61}},{"start":{"line":45,"column":65},"end":{"line":45,"column":80}}]},"7":{"loc":{"start":{"line":46,"column":2},"end":{"line":46,"column":40}},"type":"if","locations":[{"start":{"line":46,"column":2},"end":{"line":46,"column":40}},{"start":{},"end":{}}]},"8":{"loc":{"start":{"line":54,"column":4},"end":{"line":65,"column":5}},"type":"if","locations":[{"start":{"line":54,"column":4},"end":{"line":65,"column":5}},{"start":{},"end":{}}]},"9":{"loc":{"start":{"line":55,"column":6},"end":{"line":62,"column":24}},"type":"binary-expr","locations":[{"start":{"line":55,"column":6},"end":{"line":55,"column":11}},{"start":{"line":56,"column":6},"end":{"line":56,"column":30}},{"start":{"line":57,"column":6},"end":{"line":57,"column":16}},{"start":{"line":58,"column":6},"end":{"line":58,"column":16}},{"start":{"line":59,"column":6},"end":{"line":59,"column":19}},{"start":{"line":60,"column":6},"end":{"line":60,"column":20}},{"start":{"line":61,"column":6},"end":{"line":61,"column":20}},{"start":{"line":62,"column":6},"end":{"line":62,"column":24}}]},"10":{"loc":{"start":{"line":66,"column":4},"end":{"line":66,"column":59}},"type":"if","locations":[{"start":{"line":66,"column":4},"end":{"line":66,"column":59}},{"start":{},"end":{}}]},"11":{"loc":{"start":{"line":91,"column":4},"end":{"line":93,"column":5}},"type":"if","locations":[{"start":{"line":91,"column":4},"end":{"line":93,"column":5}},{"start":{},"end":{}}]},"12":{"loc":{"start":{"line":98,"column":22},"end":{"line":98,"column":47}},"type":"binary-expr","locations":[{"start":{"line":98,"column":22},"end":{"line":98,"column":38}},{"start":{"line":98,"column":42},"end":{"line":98,"column":47}}]},"13":{"loc":{"start":{"line":103,"column":6},"end":{"line":103,"column":64}},"type":"binary-expr","locations":[{"start":{"line":103,"column":6},"end":{"line":103,"column":34}},{"start":{"line":103,"column":38},"end":{"line":103,"column":64}}]},"14":{"loc":{"start":{"line":104,"column":21},"end":{"line":104,"column":79}},"type":"cond-expr","locations":[{"start":{"line":104,"column":43},"end":{"line":104,"column":45}},{"start":{"line":104,"column":48},"end":{"line":104,"column":79}}]},"15":{"loc":{"start":{"line":104,"column":48},"end":{"line":104,"column":79}},"type":"cond-expr","locations":[{"start":{"line":104,"column":72},"end":{"line":104,"column":74}},{"start":{"line":104,"column":77},"end":{"line":104,"column":79}}]},"16":{"loc":{"start":{"line":115,"column":44},"end":{"line":115,"column":69}},"type":"binary-expr","locations":[{"start":{"line":115,"column":44},"end":{"line":115,"column":54}},{"start":{"line":115,"column":58},"end":{"line":115,"column":69}}]},"17":{"loc":{"start":{"line":116,"column":8},"end":{"line":116,"column":null}},"type":"cond-expr","locations":[{"start":{"line":116,"column":33},"end":{"line":116,"column":46}},{"start":{"line":116,"column":49},"end":{"line":116,"column":null}}]},"18":{"loc":{"start":{"line":123,"column":2},"end":{"line":123,"column":66}},"type":"if","locations":[{"start":{"line":123,"column":2},"end":{"line":123,"column":66}},{"start":{},"end":{}}]}},"s":{"0":1,"1":1,"2":1,"3":1,"4":1,"5":1,"6":1,"7":1,"8":0,"9":1,"10":7,"11":7,"12":7,"13":37,"14":4,"15":3,"16":7,"17":1,"18":7,"19":7,"20":7,"21":7,"22":7,"23":14,"24":7,"25":2,"26":2,"27":5,"28":3,"29":7,"30":7,"31":41,"32":7,"33":6,"34":7,"35":0,"36":0,"37":0,"38":0,"39":0,"40":0,"41":0,"42":0,"43":0,"44":0,"45":0,"46":0,"47":0,"48":0,"49":0,"50":0,"51":0,"52":0,"53":0,"54":0,"55":0,"56":0,"57":0,"58":0,"59":0,"60":0,"61":0,"62":0},"f":{"0":7,"1":37,"2":7,"3":14,"4":41,"5":0,"6":0},"b":{"0":[0,1],"1":[4,3],"2":[1,2],"3":[2,5],"4":[3,2],"5":[5,3],"6":[41,40],"7":[6,1],"8":[0,0],"9":[0,0,0,0,0,0,0,0],"10":[0,0],"11":[0,0],"12":[0,0],"13":[0,0],"14":[0,0],"15":[0,0],"16":[0,0],"17":[0,0],"18":[0,0]}}
,"C:\\Users\\saaah\\Desktop\\Backend-assignment\\src\\storage.ts": {"path":"C:\\Users\\saaah\\Desktop\\Backend-assignment\\src\\storage.ts","statementMap":{"0":{"start":{"line":4,"column":13},"end":{"line":8,"column":2}}},"fnMap":{},"branchMap":{},"s":{"0":1},"f":{},"b":{}}
}
