TN:
SF:src\scores.ts
FN:15,calculateRuleScore
FN:20,(anonymous_2)
FN:22,(anonymous_3)
FN:32,(anonymous_4)
FN:45,(anonymous_5)
FN:52,scoreLead
FN:122,runScoring
FNF:7
FNH:5
FNDA:7,calculateRuleScore
FNDA:37,(anonymous_2)
FNDA:7,(anonymous_3)
FNDA:14,(anonymous_4)
FNDA:41,(anonymous_5)
FNDA:0,scoreLead
FNDA:0,runScoring
DA:1,1
DA:3,1
DA:4,1
DA:5,1
DA:7,1
DA:8,1
DA:9,0
DA:12,1
DA:15,1
DA:16,7
DA:19,7
DA:20,37
DA:21,4
DA:22,7
DA:23,1
DA:27,7
DA:28,7
DA:30,7
DA:31,7
DA:32,14
DA:34,7
DA:35,2
DA:36,2
DA:37,5
DA:38,3
DA:42,7
DA:45,41
DA:46,7
DA:48,7
DA:53,0
DA:54,0
DA:64,0
DA:66,0
DA:69,0
DA:71,0
DA:84,0
DA:89,0
DA:91,0
DA:92,0
DA:96,0
DA:97,0
DA:98,0
DA:103,0
DA:104,0
DA:106,0
DA:107,0
DA:109,0
DA:111,0
DA:113,0
DA:114,0
DA:122,1
DA:123,0
DA:125,0
DA:126,0
DA:127,0
DA:128,0
LF:56
LH:29
BRDA:8,0,0,0
BRDA:8,0,1,1
BRDA:20,1,0,4
BRDA:20,1,1,3
BRDA:22,2,0,1
BRDA:22,2,1,2
BRDA:34,3,0,2
BRDA:34,3,1,5
BRDA:37,4,0,3
BRDA:37,4,1,2
BRDA:37,5,0,5
BRDA:37,5,1,3
BRDA:45,6,0,41
BRDA:45,6,1,40
BRDA:46,7,0,6
BRDA:46,7,1,1
BRDA:54,8,0,0
BRDA:54,8,1,0
BRDA:55,9,0,0
BRDA:55,9,1,0
BRDA:55,9,2,0
BRDA:55,9,3,0
BRDA:55,9,4,0
BRDA:55,9,5,0
BRDA:55,9,6,0
BRDA:55,9,7,0
BRDA:66,10,0,0
BRDA:66,10,1,0
BRDA:91,11,0,0
BRDA:91,11,1,0
BRDA:98,12,0,0
BRDA:98,12,1,0
BRDA:103,13,0,0
BRDA:103,13,1,0
BRDA:104,14,0,0
BRDA:104,14,1,0
BRDA:104,15,0,0
BRDA:104,15,1,0
BRDA:115,16,0,0
BRDA:115,16,1,0
BRDA:116,17,0,0
BRDA:116,17,1,0
BRDA:123,18,0,0
BRDA:123,18,1,0
BRF:44
BRH:15
end_of_record
TN:
SF:src\storage.ts
FNF:0
FNH:0
DA:4,1
LF:1
LH:1
BRF:0
BRH:0
end_of_record
